# JRE version: OpenJDK Runtime Environment (8.0_202-b03) (build 1.8.0_202-release-1483-b03)
# Java VM: OpenJDK 64-Bit Server VM (25.202-b03 mixed mode windows-amd64 compressed oops)
Heap:
 PSYoungGen      total 421888K, used 288967K [0x00000000e0000000, 0x0000000100000000, 0x0000000100000000)
  eden space 334336K, 62% used [0x00000000e0000000,0x00000000ecd5d040,0x00000000f4680000)
  from space 87552K, 89% used [0x00000000f4680000,0x00000000f9354ef8,0x00000000f9c00000)
  to   space 100352K, 0% used [0x00000000f9e00000,0x00000000f9e00000,0x0000000100000000)
 ParOldGen       total 309760K, used 123419K [0x00000000a0000000, 0x00000000b2e80000, 0x00000000e0000000)
  object space 309760K, 39% used [0x00000000a0000000,0x00000000a7886c18,0x00000000b2e80000)
 Metaspace       used 95622K, capacity 102028K, committed 102232K, reserved 1138688K
  class space    used 12086K, capacity 13184K, committed 13184K, reserved 1048576K
GC Heap History (10 events):
Event: 5472.550 GC heap before
{Heap before GC invocations=54 (full 5):
 PSYoungGen      total 408576K, used 311232K [0x00000000e0000000, 0x00000000ff280000, 0x0000000100000000)
  eden space 306688K, 100% used [0x00000000e0000000,0x00000000f2b80000,0x00000000f2b80000)
  from space 101888K, 4% used [0x00000000f8f00000,0x00000000f9370010,0x00000000ff280000)
  to   space 101888K, 0% used [0x00000000f2b80000,0x00000000f2b80000,0x00000000f8f00000)
 ParOldGen       total 309760K, used 122939K [0x00000000a0000000, 0x00000000b2e80000, 0x00000000e0000000)
  object space 309760K, 39% used [0x00000000a0000000,0x00000000a780ec18,0x00000000b2e80000)
 Metaspace       used 95229K, capacity 101626K, committed 101720K, reserved 1138688K
  class space    used 12081K, capacity 13181K, committed 13184K, reserved 1048576K
Event: 5472.605 GC heap after
Heap after GC invocations=54 (full 5):
 PSYoungGen      total 408576K, used 44384K [0x00000000e0000000, 0x00000000ffd00000, 0x0000000100000000)
  eden space 306688K, 0% used [0x00000000e0000000,0x00000000e0000000,0x00000000f2b80000)
  from space 101888K, 43% used [0x00000000f2b80000,0x00000000f56d8058,0x00000000f8f00000)
  to   space 100352K, 0% used [0x00000000f9b00000,0x00000000f9b00000,0x00000000ffd00000)
 ParOldGen       total 309760K, used 122963K [0x00000000a0000000, 0x00000000b2e80000, 0x00000000e0000000)
  object space 309760K, 39% used [0x00000000a0000000,0x00000000a7814c18,0x00000000b2e80000)
 Metaspace       used 95229K, capacity 101626K, committed 101720K, reserved 1138688K
  class space    used 12081K, capacity 13181K, committed 13184K, reserved 1048576K
}
Event: 5743.098 GC heap before
{Heap before GC invocations=55 (full 5):
 PSYoungGen      total 408576K, used 351072K [0x00000000e0000000, 0x00000000ffd00000, 0x0000000100000000)
  eden space 306688K, 100% used [0x00000000e0000000,0x00000000f2b80000,0x00000000f2b80000)
  from space 101888K, 43% used [0x00000000f2b80000,0x00000000f56d8058,0x00000000f8f00000)
  to   space 100352K, 0% used [0x00000000f9b00000,0x00000000f9b00000,0x00000000ffd00000)
 ParOldGen       total 309760K, used 122963K [0x00000000a0000000, 0x00000000b2e80000, 0x00000000e0000000)
  object space 309760K, 39% used [0x00000000a0000000,0x00000000a7814c18,0x00000000b2e80000)
 Metaspace       used 95261K, capacity 101690K, committed 101720K, reserved 1138688K
  class space    used 12082K, capacity 13181K, committed 13184K, reserved 1048576K
Event: 5743.108 GC heap after
Heap after GC invocations=55 (full 5):
 PSYoungGen      total 417792K, used 7616K [0x00000000e0000000, 0x00000000ff880000, 0x0000000100000000)
  eden space 322048K, 0% used [0x00000000e0000000,0x00000000e0000000,0x00000000f3a80000)
  from space 95744K, 7% used [0x00000000f9b00000,0x00000000fa270030,0x00000000ff880000)
  to   space 97280K, 0% used [0x00000000f3a80000,0x00000000f3a80000,0x00000000f9980000)
 ParOldGen       total 309760K, used 122987K [0x00000000a0000000, 0x00000000b2e80000, 0x00000000e0000000)
  object space 309760K, 39% used [0x00000000a0000000,0x00000000a781ac18,0x00000000b2e80000)
 Metaspace       used 95261K, capacity 101690K, committed 101720K, reserved 1138688K
  class space    used 12082K, capacity 13181K, committed 13184K, reserved 1048576K
}
Event: 5824.379 GC heap before
{Heap before GC invocations=56 (full 5):
 PSYoungGen      total 417792K, used 329062K [0x00000000e0000000, 0x00000000ff880000, 0x0000000100000000)
  eden space 322048K, 99% used [0x00000000e0000000,0x00000000f39e9940,0x00000000f3a80000)
  from space 95744K, 7% used [0x00000000f9b00000,0x00000000fa270030,0x00000000ff880000)
  to   space 97280K, 0% used [0x00000000f3a80000,0x00000000f3a80000,0x00000000f9980000)
 ParOldGen       total 309760K, used 122987K [0x00000000a0000000, 0x00000000b2e80000, 0x00000000e0000000)
  object space 309760K, 39% used [0x00000000a0000000,0x00000000a781ac18,0x00000000b2e80000)
 Metaspace       used 95320K, capacity 101754K, committed 101976K, reserved 1138688K
  class space    used 12082K, capacity 13181K, committed 13184K, reserved 1048576K
Event: 5824.400 GC heap after
Heap after GC invocations=56 (full 5):
 PSYoungGen      total 419328K, used 23754K [0x00000000e0000000, 0x00000000ff580000, 0x0000000100000000)
  eden space 322048K, 0% used [0x00000000e0000000,0x00000000e0000000,0x00000000f3a80000)
  from space 97280K, 24% used [0x00000000f3a80000,0x00000000f51b2860,0x00000000f9980000)
  to   space 91136K, 0% used [0x00000000f9c80000,0x00000000f9c80000,0x00000000ff580000)
 ParOldGen       total 309760K, used 123019K [0x00000000a0000000, 0x00000000b2e80000, 0x00000000e0000000)
  object space 309760K, 39% used [0x00000000a0000000,0x00000000a7822c18,0x00000000b2e80000)
 Metaspace       used 95320K, capacity 101754K, committed 101976K, reserved 1138688K
  class space    used 12082K, capacity 13181K, committed 13184K, reserved 1048576K
}
Event: 6337.788 GC heap before
{Heap before GC invocations=57 (full 5):
 PSYoungGen      total 419328K, used 345802K [0x00000000e0000000, 0x00000000ff580000, 0x0000000100000000)
  eden space 322048K, 100% used [0x00000000e0000000,0x00000000f3a80000,0x00000000f3a80000)
  from space 97280K, 24% used [0x00000000f3a80000,0x00000000f51b2860,0x00000000f9980000)
  to   space 91136K, 0% used [0x00000000f9c80000,0x00000000f9c80000,0x00000000ff580000)
 ParOldGen       total 309760K, used 123019K [0x00000000a0000000, 0x00000000b2e80000, 0x00000000e0000000)
  object space 309760K, 39% used [0x00000000a0000000,0x00000000a7822c18,0x00000000b2e80000)
 Metaspace       used 95358K, capacity 101818K, committed 101976K, reserved 1138688K
  class space    used 12082K, capacity 13181K, committed 13184K, reserved 1048576K
Event: 6337.803 GC heap after
Heap after GC invocations=57 (full 5):
 PSYoungGen      total 421376K, used 13856K [0x00000000e0000000, 0x00000000ff180000, 0x0000000100000000)
  eden space 334336K, 0% used [0x00000000e0000000,0x00000000e0000000,0x00000000f4680000)
  from space 87040K, 15% used [0x00000000f9c80000,0x00000000faa081a0,0x00000000ff180000)
  to   space 87552K, 0% used [0x00000000f4680000,0x00000000f4680000,0x00000000f9c00000)
 ParOldGen       total 309760K, used 123083K [0x00000000a0000000, 0x00000000b2e80000, 0x00000000e0000000)
  object space 309760K, 39% used [0x00000000a0000000,0x00000000a7832c18,0x00000000b2e80000)
 Metaspace       used 95358K, capacity 101818K, committed 101976K, reserved 1138688K
  class space    used 12082K, capacity 13181K, committed 13184K, reserved 1048576K
}
Event: 6340.452 GC heap before
{Heap before GC invocations=58 (full 5):
 PSYoungGen      total 421376K, used 348192K [0x00000000e0000000, 0x00000000ff180000, 0x0000000100000000)
  eden space 334336K, 100% used [0x00000000e0000000,0x00000000f4680000,0x00000000f4680000)
  from space 87040K, 15% used [0x00000000f9c80000,0x00000000faa081a0,0x00000000ff180000)
  to   space 87552K, 0% used [0x00000000f4680000,0x00000000f4680000,0x00000000f9c00000)
 ParOldGen       total 309760K, used 123083K [0x00000000a0000000, 0x00000000b2e80000, 0x00000000e0000000)
  object space 309760K, 39% used [0x00000000a0000000,0x00000000a7832c18,0x00000000b2e80000)
 Metaspace       used 95548K, capacity 101946K, committed 101976K, reserved 1138688K
  class space    used 12083K, capacity 13181K, committed 13184K, reserved 1048576K
Event: 6340.527 GC heap after
Heap after GC invocations=58 (full 5):
 PSYoungGen      total 421888K, used 78675K [0x00000000e0000000, 0x0000000100000000, 0x0000000100000000)
  eden space 334336K, 0% used [0x00000000e0000000,0x00000000e0000000,0x00000000f4680000)
  from space 87552K, 89% used [0x00000000f4680000,0x00000000f9354ef8,0x00000000f9c00000)
  to   space 100352K, 0% used [0x00000000f9e00000,0x00000000f9e00000,0x0000000100000000)
 ParOldGen       total 309760K, used 123419K [0x00000000a0000000, 0x00000000b2e80000, 0x00000000e0000000)
  object space 309760K, 39% used [0x00000000a0000000,0x00000000a7886c18,0x00000000b2e80000)
 Metaspace       used 95548K, capacity 101946K, committed 101976K, reserved 1138688K
  class space    used 12083K, capacity 13181K, committed 13184K, reserved 1048576K
}

